\BOOKMARK [0][-]{chapter*.1}{\376\377\000C\000o\000n\000t\000e\000n\000t\000s}{}% 1
\BOOKMARK [0][-]{chapter*.2}{\376\377\000L\000i\000s\000t\000\040\000o\000f\000\040\000F\000i\000g\000u\000r\000e\000s}{}% 2
\BOOKMARK [0][-]{chapter*.3}{\376\377\000L\000i\000s\000t\000\040\000o\000f\000\040\000T\000a\000b\000l\000e\000s}{}% 3
\BOOKMARK [0][-]{chapter.1}{\376\377\000I\000n\000t\000r\000o\000d\000u\000c\000t\000i\000o\000n\000\040\000t\000o\000\040\000A\000p\000p\000l\000i\000c\000a\000t\000i\000o\000n\000s\000\040\000D\000e\000v\000e\000l\000o\000p\000m\000e\000n\000t\000\040\000a\000n\000d\000\040\000E\000m\000e\000r\000g\000i\000n\000g\000\040\000T\000e\000c\000h\000n\000o\000l\000o\000g\000i\000e\000s}{}% 4
\BOOKMARK [1][-]{section.1.1}{\376\377\000I\000n\000t\000r\000o\000d\000u\000c\000t\000i\000o\000n}{chapter.1}% 5
\BOOKMARK [2][-]{subsection.1.1.1}{\376\377\000A\000p\000p\000l\000i\000c\000a\000t\000i\000o\000n}{section.1.1}% 6
\BOOKMARK [2][-]{subsection.1.1.2}{\376\377\000D\000e\000v\000e\000l\000o\000p\000m\000e\000n\000t}{section.1.1}% 7
\BOOKMARK [2][-]{subsection.1.1.3}{\376\377\000A\000p\000p\000l\000i\000c\000a\000t\000i\000o\000n\000\040\000D\000e\000v\000e\000l\000o\000p\000m\000e\000n\000t}{section.1.1}% 8
\BOOKMARK [1][-]{section.1.2}{\376\377\000D\000i\000f\000f\000e\000r\000e\000n\000t\000\040\000T\000y\000p\000e\000s\000\040\000o\000f\000\040\000A\000p\000p\000l\000i\000c\000a\000t\000i\000o\000n\000\040\000D\000e\000v\000e\000l\000o\000p\000m\000e\000n\000t}{chapter.1}% 9
\BOOKMARK [2][-]{subsection.1.2.1}{\376\377\000W\000e\000b\000\040\000D\000e\000v\000e\000l\000o\000p\000m\000e\000n\000t}{section.1.2}% 10
\BOOKMARK [3][-]{subsubsection.1.2.1.1}{\376\377\000F\000r\000o\000n\000t\000-\000E\000n\000d\000\040\000D\000e\000v\000e\000l\000o\000p\000m\000e\000n\000t}{subsection.1.2.1}% 11
\BOOKMARK [3][-]{subsubsection.1.2.1.2}{\376\377\000B\000a\000c\000k\000-\000E\000n\000d\000\040\000D\000e\000v\000e\000l\000o\000p\000m\000e\000n\000t}{subsection.1.2.1}% 12
\BOOKMARK [2][-]{subsection.1.2.2}{\376\377\000M\000o\000b\000i\000l\000e\000\040\000A\000p\000p\000l\000i\000c\000a\000t\000i\000o\000n\000\040\000D\000e\000v\000e\000l\000o\000p\000m\000e\000n\000t}{section.1.2}% 13
\BOOKMARK [3][-]{subsubsection.1.2.2.1}{\376\377\000i\000O\000S\000\040\000D\000e\000v\000e\000l\000o\000p\000m\000e\000n\000t}{subsection.1.2.2}% 14
\BOOKMARK [3][-]{subsubsection.1.2.2.2}{\376\377\000A\000n\000d\000r\000o\000i\000d\000\040\000D\000e\000v\000e\000l\000o\000p\000m\000e\000n\000t}{subsection.1.2.2}% 15
\BOOKMARK [2][-]{subsection.1.2.3}{\376\377\000D\000e\000s\000k\000t\000o\000p\000\040\000A\000p\000p\000l\000i\000c\000a\000t\000i\000o\000n\000\040\000D\000e\000v\000e\000l\000o\000p\000m\000e\000n\000t}{section.1.2}% 16
\BOOKMARK [2][-]{subsection.1.2.4}{\376\377\000G\000a\000m\000e\000\040\000D\000e\000v\000e\000l\000o\000p\000m\000e\000n\000t}{section.1.2}% 17
\BOOKMARK [2][-]{subsection.1.2.5}{\376\377\000C\000l\000o\000u\000d\000\040\000D\000e\000v\000e\000l\000o\000p\000m\000e\000n\000t}{section.1.2}% 18
\BOOKMARK [0][-]{chapter.2}{\376\377\000W\000e\000b\000\040\000D\000e\000v\000e\000l\000o\000p\000m\000e\000n\000t}{}% 19
\BOOKMARK [1][-]{section.2.1}{\376\377\000I\000n\000t\000r\000o\000d\000u\000c\000t\000i\000o\000n}{chapter.2}% 20
\BOOKMARK [1][-]{section.2.2}{\376\377\000H\000T\000M\000L}{chapter.2}% 21
\BOOKMARK [2][-]{subsection.2.2.1}{\376\377\000H\000T\000M\000L\000\040\000T\000a\000g\000s}{section.2.2}% 22
\BOOKMARK [3][-]{subsubsection.2.2.1.1}{\376\377\000<\000h\000t\000m\000l\000>\000.\000.\000.\000<\000/\000h\000t\000m\000l\000>}{subsection.2.2.1}% 23
\BOOKMARK [3][-]{subsubsection.2.2.1.2}{\376\377\000<\000h\000e\000a\000d\000>\000.\000.\000.\000<\000/\000h\000e\000a\000d\000>}{subsection.2.2.1}% 24
\BOOKMARK [3][-]{subsubsection.2.2.1.3}{\376\377\000<\000t\000i\000t\000l\000e\000>\000.\000.\000.\000<\000/\000t\000i\000t\000l\000e\000>}{subsection.2.2.1}% 25
\BOOKMARK [3][-]{subsubsection.2.2.1.4}{\376\377\000<\000b\000o\000d\000y\000>\000.\000.\000.\000<\000/\000b\000o\000d\000y\000>}{subsection.2.2.1}% 26
\BOOKMARK [3][-]{subsubsection.2.2.1.5}{\376\377\000<\000h\0001\000>\000.\000.\000.\000<\000/\000h\0001\000>\000\040\000t\000o\000\040\000<\000h\0006\000>\000.\000.\000.\000<\000/\000h\0006\000>}{subsection.2.2.1}% 27
\BOOKMARK [3][-]{subsubsection.2.2.1.6}{\376\377\000<\000p\000>\000.\000.\000.\000<\000/\000p\000>}{subsection.2.2.1}% 28
\BOOKMARK [3][-]{subsubsection.2.2.1.7}{\376\377\000<\000d\000i\000v\000>\000.\000.\000.\000<\000/\000d\000i\000v\000>}{subsection.2.2.1}% 29
\BOOKMARK [3][-]{subsubsection.2.2.1.8}{\376\377\000<\000s\000e\000c\000t\000i\000o\000n\000>\000.\000.\000.\000<\000/\000s\000e\000c\000t\000i\000o\000n\000>}{subsection.2.2.1}% 30
\BOOKMARK [3][-]{subsubsection.2.2.1.9}{\376\377\000<\000s\000p\000a\000n\000>\000.\000.\000.\000<\000/\000s\000p\000a\000n\000>}{subsection.2.2.1}% 31
\BOOKMARK [3][-]{subsubsection.2.2.1.10}{\376\377\000<\000b\000r\000\040\000/\000>}{subsection.2.2.1}% 32
\BOOKMARK [3][-]{subsubsection.2.2.1.11}{\376\377\000<\000h\000r\000\040\000/\000>}{subsection.2.2.1}% 33
\BOOKMARK [3][-]{subsubsection.2.2.1.12}{\376\377\000<\000i\000m\000g\000\040\000/\000>}{subsection.2.2.1}% 34
\BOOKMARK [3][-]{subsubsection.2.2.1.13}{\376\377\000<\000a\000>\000.\000.\000.\000<\000/\000a\000>}{subsection.2.2.1}% 35
\BOOKMARK [3][-]{subsubsection.2.2.1.14}{\376\377\000<\000u\000l\000>\000.\000.\000.\000<\000/\000u\000l\000>}{subsection.2.2.1}% 36
\BOOKMARK [3][-]{subsubsection.2.2.1.15}{\376\377\000<\000o\000l\000>\000.\000.\000.\000<\000/\000o\000l\000>}{subsection.2.2.1}% 37
\BOOKMARK [3][-]{subsubsection.2.2.1.16}{\376\377\000<\000l\000i\000>\000.\000.\000.\000<\000/\000l\000i\000>}{subsection.2.2.1}% 38
\BOOKMARK [3][-]{subsubsection.2.2.1.17}{\376\377\000<\000s\000t\000r\000o\000n\000g\000>\000.\000.\000.\000<\000/\000s\000t\000r\000o\000n\000g\000>}{subsection.2.2.1}% 39
\BOOKMARK [3][-]{subsubsection.2.2.1.18}{\376\377\000<\000b\000>\000.\000.\000.\000<\000/\000b\000>}{subsection.2.2.1}% 40
\BOOKMARK [3][-]{subsubsection.2.2.1.19}{\376\377\000<\000e\000m\000>\000.\000.\000.\000<\000/\000e\000m\000>}{subsection.2.2.1}% 41
\BOOKMARK [3][-]{subsubsection.2.2.1.20}{\376\377\000<\000i\000>\000.\000.\000.\000<\000/\000i\000>}{subsection.2.2.1}% 42
\BOOKMARK [3][-]{subsubsection.2.2.1.21}{\376\377\000<\000t\000a\000b\000l\000e\000>\000.\000.\000.\000<\000/\000t\000a\000b\000l\000e\000>}{subsection.2.2.1}% 43
\BOOKMARK [3][-]{subsubsection.2.2.1.22}{\376\377\000<\000t\000r\000>\000.\000.\000.\000<\000/\000t\000r\000>}{subsection.2.2.1}% 44
\BOOKMARK [3][-]{subsubsection.2.2.1.23}{\376\377\000<\000t\000h\000>\000.\000.\000.\000<\000/\000t\000h\000>\000\040\000a\000n\000d\000\040\000<\000t\000d\000>\000.\000.\000.\000<\000/\000t\000d\000>}{subsection.2.2.1}% 45
\BOOKMARK [3][-]{subsubsection.2.2.1.24}{\376\377\000<\000f\000o\000r\000m\000>\000.\000.\000.\000<\000/\000f\000o\000r\000m\000>}{subsection.2.2.1}% 46
\BOOKMARK [3][-]{subsubsection.2.2.1.25}{\376\377\000<\000i\000n\000p\000u\000t\000\040\000/\000>}{subsection.2.2.1}% 47
\BOOKMARK [3][-]{subsubsection.2.2.1.26}{\376\377\000<\000t\000e\000x\000t\000a\000r\000e\000a\000>\000.\000.\000.\000<\000/\000t\000e\000x\000t\000a\000r\000e\000a\000>}{subsection.2.2.1}% 48
\BOOKMARK [3][-]{subsubsection.2.2.1.27}{\376\377\000<\000b\000u\000t\000t\000o\000n\000>\000.\000.\000.\000<\000/\000b\000u\000t\000t\000o\000n\000>}{subsection.2.2.1}% 49
\BOOKMARK [3][-]{subsubsection.2.2.1.28}{\376\377\000<\000l\000a\000b\000e\000l\000>\000.\000.\000.\000<\000/\000l\000a\000b\000e\000l\000>}{subsection.2.2.1}% 50
\BOOKMARK [3][-]{subsubsection.2.2.1.29}{\376\377\000<\000s\000e\000l\000e\000c\000t\000>\000.\000.\000.\000<\000/\000s\000e\000l\000e\000c\000t\000>}{subsection.2.2.1}% 51
\BOOKMARK [3][-]{subsubsection.2.2.1.30}{\376\377\000<\000i\000f\000r\000a\000m\000e\000>\000.\000.\000.\000<\000/\000i\000f\000r\000a\000m\000e\000>}{subsection.2.2.1}% 52
\BOOKMARK [2][-]{subsection.2.2.2}{\376\377\000M\000o\000r\000e\000\040\000a\000b\000o\000u\000t\000\040\000H\000T\000M\000L}{section.2.2}% 53
\BOOKMARK [1][-]{section.2.3}{\376\377\000C\000S\000S}{chapter.2}% 54
\BOOKMARK [2][-]{subsection.2.3.1}{\376\377\000C\000o\000r\000e\000\040\000C\000o\000n\000c\000e\000p\000t\000s}{section.2.3}% 55
\BOOKMARK [3][-]{subsubsection.2.3.1.1}{\376\377\000C\000a\000s\000c\000a\000d\000i\000n\000g\000\040\000a\000n\000d\000\040\000S\000p\000e\000c\000i\000f\000i\000c\000i\000t\000y}{subsection.2.3.1}% 56
\BOOKMARK [4][-]{paragraph.2.3.1.1.1}{\376\377\000C\000a\000s\000c\000a\000d\000i\000n\000g}{subsubsection.2.3.1.1}% 57
\BOOKMARK [4][-]{paragraph.2.3.1.1.2}{\376\377\000S\000p\000e\000c\000i\000f\000i\000c\000i\000t\000y}{subsubsection.2.3.1.1}% 58
\BOOKMARK [3][-]{subsubsection.2.3.1.2}{\376\377\000S\000e\000l\000e\000c\000t\000o\000r\000s}{subsection.2.3.1}% 59
\BOOKMARK [4][-]{paragraph.2.3.1.2.1}{\376\377\000E\000l\000e\000m\000e\000n\000t\000\040\000S\000e\000l\000e\000c\000t\000o\000r}{subsubsection.2.3.1.2}% 60
\BOOKMARK [4][-]{paragraph.2.3.1.2.2}{\376\377\000C\000l\000a\000s\000s\000\040\000S\000e\000l\000e\000c\000t\000o\000r}{subsubsection.2.3.1.2}% 61
\BOOKMARK [4][-]{paragraph.2.3.1.2.3}{\376\377\000I\000D\000\040\000S\000e\000l\000e\000c\000t\000o\000r}{subsubsection.2.3.1.2}% 62
\BOOKMARK [4][-]{paragraph.2.3.1.2.4}{\376\377\000U\000n\000i\000v\000e\000r\000s\000a\000l\000\040\000S\000e\000l\000e\000c\000t\000o\000r}{subsubsection.2.3.1.2}% 63
\BOOKMARK [4][-]{paragraph.2.3.1.2.5}{\376\377\000P\000s\000e\000u\000d\000o\000-\000c\000l\000a\000s\000s\000e\000s}{subsubsection.2.3.1.2}% 64
\BOOKMARK [4][-]{paragraph.2.3.1.2.6}{\376\377\000P\000s\000e\000u\000d\000o\000-\000e\000l\000e\000m\000e\000n\000t\000s}{subsubsection.2.3.1.2}% 65
\BOOKMARK [3][-]{subsubsection.2.3.1.3}{\376\377\000T\000h\000e\000\040\000B\000o\000x\000\040\000M\000o\000d\000e\000l}{subsection.2.3.1}% 66
\BOOKMARK [3][-]{subsubsection.2.3.1.4}{\376\377\000U\000n\000i\000t\000s}{subsection.2.3.1}% 67
\BOOKMARK [2][-]{subsection.2.3.2}{\376\377\000P\000r\000o\000p\000e\000r\000t\000i\000e\000s}{section.2.3}% 68
\BOOKMARK [3][-]{subsubsection.2.3.2.1}{\376\377\000C\000o\000l\000o\000r\000s}{subsection.2.3.2}% 69
\BOOKMARK [4][-]{paragraph.2.3.2.1.1}{\376\377\000F\000o\000n\000t\000\040\000C\000o\000l\000o\000r}{subsubsection.2.3.2.1}% 70
\BOOKMARK [4][-]{paragraph.2.3.2.1.2}{\376\377\000B\000a\000c\000k\000g\000r\000o\000u\000n\000d\000\040\000C\000o\000l\000o\000r}{subsubsection.2.3.2.1}% 71
\BOOKMARK [4][-]{paragraph.2.3.2.1.3}{\376\377\000B\000o\000r\000d\000e\000r\000\040\000C\000o\000l\000o\000r}{subsubsection.2.3.2.1}% 72
\BOOKMARK [4][-]{paragraph.2.3.2.1.4}{\376\377\000C\000o\000l\000o\000r\000\040\000N\000a\000m\000e\000s}{subsubsection.2.3.2.1}% 73
\BOOKMARK [4][-]{paragraph.2.3.2.1.5}{\376\377\000H\000e\000x\000a\000d\000e\000c\000i\000m\000a\000l\000\040\000C\000o\000l\000o\000r\000s}{subsubsection.2.3.2.1}% 74
\BOOKMARK [4][-]{paragraph.2.3.2.1.6}{\376\377\000R\000G\000B\000\040\000o\000r\000\040\000R\000G\000B\000A\000\040\000C\000o\000l\000o\000r\000s}{subsubsection.2.3.2.1}% 75
\BOOKMARK [4][-]{paragraph.2.3.2.1.7}{\376\377\000H\000S\000L\000\040\000o\000r\000\040\000H\000S\000L\000A\000\040\000C\000o\000l\000o\000r\000s}{subsubsection.2.3.2.1}% 76
\BOOKMARK [4][-]{paragraph.2.3.2.1.8}{\376\377\000G\000r\000a\000d\000i\000e\000n\000t\000s}{subsubsection.2.3.2.1}% 77
\BOOKMARK [4][-]{paragraph.2.3.2.1.9}{\376\377\000C\000S\000S\000\040\000B\000a\000c\000k\000g\000r\000o\000u\000n\000d\000\040\000I\000m\000a\000g\000e}{subsubsection.2.3.2.1}% 78
\BOOKMARK [4][-]{paragraph.2.3.2.1.10}{\376\377\000C\000S\000S\000\040\000B\000a\000c\000k\000g\000r\000o\000u\000n\000d\000\040\000S\000i\000z\000e}{subsubsection.2.3.2.1}% 79
\BOOKMARK [3][-]{subsubsection.2.3.2.2}{\376\377\000B\000o\000x}{subsection.2.3.2}% 80
\BOOKMARK [4][-]{paragraph.2.3.2.2.1}{\376\377\000M\000a\000r\000g\000i\000n}{subsubsection.2.3.2.2}% 81
\BOOKMARK [4][-]{paragraph.2.3.2.2.2}{\376\377\000P\000a\000d\000d\000i\000n\000g}{subsubsection.2.3.2.2}% 82
\BOOKMARK [4][-]{paragraph.2.3.2.2.3}{\376\377\000B\000o\000r\000d\000e\000r}{subsubsection.2.3.2.2}% 83
\BOOKMARK [4][-]{paragraph.2.3.2.2.4}{\376\377\000S\000p\000a\000c\000e\000\040\000B\000e\000t\000w\000e\000e\000n}{subsubsection.2.3.2.2}% 84
\BOOKMARK [4][-]{paragraph.2.3.2.2.5}{\376\377\000W\000i\000d\000t\000h\000\040\000a\000n\000d\000\040\000H\000e\000i\000g\000h\000t}{subsubsection.2.3.2.2}% 85
\BOOKMARK [4][-]{paragraph.2.3.2.2.6}{\376\377\000R\000a\000d\000i\000u\000s}{subsubsection.2.3.2.2}% 86
\BOOKMARK [4][-]{paragraph.2.3.2.2.7}{\376\377\000B\000o\000x\000\040\000S\000h\000a\000d\000o\000w}{subsubsection.2.3.2.2}% 87
\BOOKMARK [4][-]{paragraph.2.3.2.2.8}{\376\377\000O\000p\000a\000c\000i\000t\000y}{subsubsection.2.3.2.2}% 88
\BOOKMARK [3][-]{subsubsection.2.3.2.3}{\376\377\000T\000e\000x\000t}{subsection.2.3.2}% 89
\BOOKMARK [4][-]{paragraph.2.3.2.3.1}{\376\377\000T\000e\000x\000t\000\040\000A\000l\000i\000g\000n}{subsubsection.2.3.2.3}% 90
\BOOKMARK [4][-]{paragraph.2.3.2.3.2}{\376\377\000T\000e\000x\000t\000\040\000D\000e\000c\000o\000r\000a\000t\000i\000o\000n}{subsubsection.2.3.2.3}% 91
\BOOKMARK [4][-]{paragraph.2.3.2.3.3}{\376\377\000T\000e\000x\000t\000\040\000T\000r\000a\000n\000s\000f\000o\000r\000m}{subsubsection.2.3.2.3}% 92
\BOOKMARK [4][-]{paragraph.2.3.2.3.4}{\376\377\000L\000i\000n\000e\000\040\000H\000e\000i\000g\000h\000t}{subsubsection.2.3.2.3}% 93
\BOOKMARK [4][-]{paragraph.2.3.2.3.5}{\376\377\000F\000o\000n\000t\000\040\000F\000a\000m\000i\000l\000y}{subsubsection.2.3.2.3}% 94
\BOOKMARK [4][-]{paragraph.2.3.2.3.6}{\376\377\000F\000o\000n\000t\000\040\000S\000i\000z\000e}{subsubsection.2.3.2.3}% 95
\BOOKMARK [4][-]{paragraph.2.3.2.3.7}{\376\377\000F\000o\000n\000t\000\040\000W\000e\000i\000g\000h\000t}{subsubsection.2.3.2.3}% 96
\BOOKMARK [4][-]{paragraph.2.3.2.3.8}{\376\377\000F\000o\000n\000t\000\040\000S\000t\000y\000l\000e}{subsubsection.2.3.2.3}% 97
\BOOKMARK [3][-]{subsubsection.2.3.2.4}{\376\377\000L\000a\000y\000o\000u\000t}{subsection.2.3.2}% 98
\BOOKMARK [4][-]{paragraph.2.3.2.4.1}{\376\377\000D\000i\000s\000p\000l\000a\000y}{subsubsection.2.3.2.4}% 99
\BOOKMARK [4][-]{paragraph.2.3.2.4.2}{\376\377\000F\000l\000e\000x\000b\000o\000x}{subsubsection.2.3.2.4}% 100
\BOOKMARK [4][-]{paragraph.2.3.2.4.3}{\376\377\000G\000r\000i\000d}{subsubsection.2.3.2.4}% 101
\BOOKMARK [4][-]{paragraph.2.3.2.4.4}{\376\377\000M\000o\000r\000e\000\040\000o\000n\000\040\000F\000l\000e\000x\000b\000o\000x\000\040\000a\000n\000d\000\040\000G\000r\000i\000d}{subsubsection.2.3.2.4}% 102
\BOOKMARK [3][-]{subsubsection.2.3.2.5}{\376\377\000P\000o\000s\000i\000t\000i\000o\000n\000i\000n\000g}{subsection.2.3.2}% 103
\BOOKMARK [4][-]{paragraph.2.3.2.5.1}{\376\377\000S\000t\000a\000t\000i\000c}{subsubsection.2.3.2.5}% 104
\BOOKMARK [4][-]{paragraph.2.3.2.5.2}{\376\377\000R\000e\000l\000a\000t\000i\000v\000e}{subsubsection.2.3.2.5}% 105
\BOOKMARK [4][-]{paragraph.2.3.2.5.3}{\376\377\000A\000b\000s\000o\000l\000u\000t\000e}{subsubsection.2.3.2.5}% 106
\BOOKMARK [4][-]{paragraph.2.3.2.5.4}{\376\377\000F\000i\000x\000e\000d}{subsubsection.2.3.2.5}% 107
\BOOKMARK [4][-]{paragraph.2.3.2.5.5}{\376\377\000S\000t\000i\000c\000k\000y}{subsubsection.2.3.2.5}% 108
\BOOKMARK [4][-]{paragraph.2.3.2.5.6}{\376\377\000M\000o\000r\000e\000\040\000o\000n\000\040\000P\000o\000s\000i\000t\000i\000o\000n\000i\000n\000g}{subsubsection.2.3.2.5}% 109
\BOOKMARK [3][-]{subsubsection.2.3.2.6}{\376\377\000T\000r\000a\000n\000s\000f\000o\000r\000m\000s}{subsection.2.3.2}% 110
\BOOKMARK [4][-]{paragraph.2.3.2.6.1}{\376\377\000S\000c\000a\000l\000e}{subsubsection.2.3.2.6}% 111
\BOOKMARK [4][-]{paragraph.2.3.2.6.2}{\376\377\000R\000o\000t\000a\000t\000e}{subsubsection.2.3.2.6}% 112
\BOOKMARK [4][-]{paragraph.2.3.2.6.3}{\376\377\000S\000k\000e\000w}{subsubsection.2.3.2.6}% 113
\BOOKMARK [4][-]{paragraph.2.3.2.6.4}{\376\377\000T\000r\000a\000n\000s\000l\000a\000t\000e}{subsubsection.2.3.2.6}% 114
\BOOKMARK [4][-]{paragraph.2.3.2.6.5}{\376\377\000O\000r\000i\000g\000i\000n}{subsubsection.2.3.2.6}% 115
\BOOKMARK [3][-]{subsubsection.2.3.2.7}{\376\377\000I\000n\000t\000e\000r\000a\000c\000t\000i\000v\000i\000t\000y}{subsection.2.3.2}% 116
\BOOKMARK [4][-]{paragraph.2.3.2.7.1}{\376\377\000H\000o\000v\000e\000r}{subsubsection.2.3.2.7}% 117
\BOOKMARK [4][-]{paragraph.2.3.2.7.2}{\376\377\000F\000o\000c\000u\000s}{subsubsection.2.3.2.7}% 118
\BOOKMARK [4][-]{paragraph.2.3.2.7.3}{\376\377\000A\000c\000t\000i\000v\000e}{subsubsection.2.3.2.7}% 119
\BOOKMARK [4][-]{paragraph.2.3.2.7.4}{\376\377\000T\000r\000a\000n\000s\000i\000t\000i\000o\000n}{subsubsection.2.3.2.7}% 120
\BOOKMARK [4][-]{paragraph.2.3.2.7.5}{\376\377\000A\000n\000i\000m\000a\000t\000i\000o\000n}{subsubsection.2.3.2.7}% 121
\BOOKMARK [2][-]{subsection.2.3.3}{\376\377\000F\000i\000l\000t\000e\000r\000s}{section.2.3}% 122
\BOOKMARK [3][-]{subsubsection.2.3.3.1}{\376\377\000R\000e\000s\000p\000o\000n\000s\000i\000v\000e\000\040\000D\000e\000s\000i\000g\000n}{subsection.2.3.3}% 123
\BOOKMARK [4][-]{paragraph.2.3.3.1.1}{\376\377\000M\000e\000d\000i\000a\000\040\000Q\000u\000e\000r\000i\000e\000s}{subsubsection.2.3.3.1}% 124
\BOOKMARK [4][-]{paragraph.2.3.3.1.2}{\376\377\000R\000e\000s\000p\000o\000n\000s\000i\000v\000e\000\040\000I\000m\000a\000g\000e\000s}{subsubsection.2.3.3.1}% 125
\BOOKMARK [2][-]{subsection.2.3.4}{\376\377\000F\000r\000a\000m\000e\000w\000o\000r\000k\000s}{section.2.3}% 126
\BOOKMARK [3][-]{subsubsection.2.3.4.1}{\376\377\000B\000o\000o\000t\000s\000t\000r\000a\000p}{subsection.2.3.4}% 127
\BOOKMARK [3][-]{subsubsection.2.3.4.2}{\376\377\000T\000a\000i\000l\000w\000i\000n\000d\000\040\000C\000S\000S}{subsection.2.3.4}% 128
\BOOKMARK [2][-]{subsection.2.3.5}{\376\377\000M\000o\000r\000e\000\040\000a\000b\000o\000u\000t\000\040\000C\000S\000S}{section.2.3}% 129
\BOOKMARK [0][-]{chapter.3}{\376\377\000V\000e\000r\000s\000i\000o\000n\000\040\000C\000o\000n\000t\000r\000o\000l}{}% 130
\BOOKMARK [0][-]{chapter.4}{\376\377\000N\000e\000x\000t\000J\000S}{}% 131
\BOOKMARK [0][-]{chapter.5}{\376\377\000M\000o\000b\000i\000l\000e\000\040\000A\000p\000p\000l\000i\000c\000a\000t\000i\000o\000n\000s\000\040\000D\000e\000v\000e\000l\000o\000p\000m\000e\000n\000t}{}% 132
\BOOKMARK [0][-]{chapter.6}{\376\377\000C\000l\000o\000u\000d\000\040\000C\000o\000m\000p\000u\000t\000i\000n\000g}{}% 133
\BOOKMARK [0][-]{chapter.7}{\376\377\000A\000r\000t\000i\000f\000i\000c\000i\000a\000l\000\040\000I\000n\000t\000e\000l\000l\000i\000g\000e\000n\000c\000e}{}% 134
\BOOKMARK [0][-]{chapter.8}{\376\377\000I\000n\000t\000e\000r\000n\000e\000t\000\040\000o\000f\000\040\000T\000h\000i\000n\000g\000s\000\040\000a\000n\000d\000\040\000A\000u\000g\000m\000e\000n\000t\000e\000d\000\040\000R\000e\000a\000l\000i\000t\000y}{}% 135
